C51 COMPILER V9.54   DS1302                                                                09/30/2024 13:47:06 PAGE 1   


C51 COMPILER V9.54, COMPILATION OF MODULE DS1302
OBJECT MODULE PLACED IN .\Objects\DS1302.obj
COMPILER INVOKED BY: D:\Keil5\C51\BIN\C51.EXE DS1302.c OPTIMIZE(8,SPEED) BROWSE DEBUG OBJECTEXTEND PRINT(.\Listings\DS13
                    -02.lst) TABS(2) OBJECT(.\Objects\DS1302.obj)

line level    source

   1          #include <REGX52.H>
   2          //#include "Delay.h"
   3          //#include "Nixie.h"
   4          
   5          sbit DS1302_SCLK=P3^6;
   6          //P3口  ^取位
   7          sbit DS1302_IO=P3^4;
   8          sbit DS1302_CE=P3^5;
   9          //读写
  10          //把CE置1
  11          
  12          //全局
  13          #define  DS1302_SECOND    0X80
  14          #define  DS1302_MINUTE    0X82
  15          #define  DS1302_HOUR      0X84
  16          #define  DS1302_DATE      0X86
  17          #define  DS1302_MONTH       0X88
  18          #define  DS1302_DAY         0X8A
  19          #define  DS1302_YEAR        0X8C
  20          #define  DS1302_WP          0X8E 
  21          char DS1302_Time[]={24,9,28,11,34,55,6};
  22          char DS1302_Time2[]={24,9,28,11,34,55,6};
  23          //////////jia
  24          void DS1302_Init(void)
  25          {
  26   1         DS1302_CE=0;
  27   1         //DS1302_IO=0;
  28   1         DS1302_SCLK=0;
  29   1        //////////////////////////////
  30   1      }
  31          void DS1302_WriteByte(unsigned char Command,Data)
  32          {
  33   1         unsigned char i;
  34   1        
  35   1        DS1302_CE=1;
  36   1      //把第0位取出来
  37   1        for(i=0;i<8;i++){
  38   2          
  39   2        //left i wei
  40   2         DS1302_IO=Command&(0x01<<i);
  41   2         DS1302_SCLK=1;
  42   2         DS1302_SCLK=0;
  43   2        }
  44   1        
  45   1        for(i=0;i<8;i++){
  46   2          
  47   2        //left i wei
  48   2         DS1302_IO=Data&(0x01<<i);
  49   2         DS1302_SCLK=1;
  50   2         DS1302_SCLK=0;
  51   2        }
  52   1        
  53   1          DS1302_CE=0;
  54   1        
C51 COMPILER V9.54   DS1302                                                                09/30/2024 13:47:06 PAGE 2   

  55   1        
  56   1        
  57   1        
  58   1        
  59   1        /*
  60   1        
  61   1        
  62   1         DS1302_IO=Command&0x01;
  63   1         DS1302_SCLK=1;
  64   1         DS1302_SCLK=0;
  65   1        
  66   1         DS1302_IO=Command&0x02;
  67   1      
  68   1      */
  69   1      
  70   1      }
  71          unsigned char DS1302_ReadByte(unsigned char Command)
  72          {
  73   1          unsigned char i,Data=0x00;
  74   1        Command|=0x01;
  75   1        DS1302_CE=1;
  76   1        for(i=0;i<8;i++){
  77   2          
  78   2        //left i wei
  79   2         DS1302_IO=Command&(0x01<<i);
  80   2         DS1302_SCLK=0;
  81   2         DS1302_SCLK=1;
  82   2        }
  83   1         for(i=0;i<8;i++)
  84   1         {
  85   2         DS1302_SCLK=1;
  86   2         DS1302_SCLK=0;
  87   2         if(DS1302_IO){Data=Data|(0x01<<i);}
  88   2         
  89   2         }
  90   1         
  91   1         /*DS1302_SCLK=0;
  92   1         DS1302_SCLK=1;
  93   1         if(DS1302_IO){Data=Data|0x01;}
  94   1         
  95   1         DS1302_SCLK=0;
  96   1         DS1302_SCLK=1;
  97   1         if(DS1302_IO){Data=Data|0x02;}
  98   1        */
  99   1      
 100   1         DS1302_CE=0;
 101   1         DS1302_IO=0;
 102   1         return Data;
 103   1         
 104   1      }
 105          
 106          
 107          void DS1302_SetTime(void)
 108          {
 109   1         // DS1302_WriteByte(0x8e,0x00);
 110   1        //guan bao hu 
 111   1        DS1302_WriteByte(DS1302_WP,0x00);
 112   1        DS1302_WriteByte(DS1302_YEAR,DS1302_Time[0]/10*16+DS1302_Time[0]%10);//十进制转BCD码后写入
 113   1        DS1302_WriteByte(DS1302_MONTH,DS1302_Time[1]/10*16+DS1302_Time[1]%10);
 114   1        DS1302_WriteByte(DS1302_DATE,DS1302_Time[2]/10*16+DS1302_Time[2]%10);
 115   1        DS1302_WriteByte(DS1302_HOUR,DS1302_Time[3]/10*16+DS1302_Time[3]%10);
 116   1        DS1302_WriteByte(DS1302_MINUTE,DS1302_Time[4]/10*16+DS1302_Time[4]%10);
C51 COMPILER V9.54   DS1302                                                                09/30/2024 13:47:06 PAGE 3   

 117   1        DS1302_WriteByte(DS1302_SECOND,DS1302_Time[5]/10*16+DS1302_Time[5]%10);
 118   1        DS1302_WriteByte(DS1302_DAY,DS1302_Time[6]/10*16+DS1302_Time[6]%10);
 119   1        DS1302_WriteByte(DS1302_WP,0x80);
 120   1      }
 121          
 122          void DS1302_ReadTime(void)
 123          {
 124   1          unsigned char Temp;
 125   1        Temp=DS1302_ReadByte(DS1302_YEAR);
 126   1        DS1302_Time[0]=Temp/16*10+Temp%16;//BCD码转十进制后读取
 127   1        Temp=DS1302_ReadByte(DS1302_MONTH);
 128   1        DS1302_Time[1]=Temp/16*10+Temp%16;
 129   1        Temp=DS1302_ReadByte(DS1302_DATE);
 130   1        DS1302_Time[2]=Temp/16*10+Temp%16;
 131   1        Temp=DS1302_ReadByte(DS1302_HOUR);
 132   1        DS1302_Time[3]=Temp/16*10+Temp%16;
 133   1        Temp=DS1302_ReadByte(DS1302_MINUTE);
 134   1        DS1302_Time[4]=Temp/16*10+Temp%16;
 135   1        Temp=DS1302_ReadByte(DS1302_SECOND);
 136   1        DS1302_Time[5]=Temp/16*10+Temp%16;
 137   1        Temp=DS1302_ReadByte(DS1302_DAY);
 138   1        DS1302_Time[6]=Temp/16*10+Temp%16;
 139   1      }


MODULE INFORMATION:   STATIC OVERLAYABLE
   CODE SIZE        =    694    ----
   CONSTANT SIZE    =   ----    ----
   XDATA SIZE       =   ----    ----
   PDATA SIZE       =   ----    ----
   DATA SIZE        =     14       2
   IDATA SIZE       =   ----    ----
   BIT SIZE         =   ----    ----
END OF MODULE INFORMATION.


C51 COMPILATION COMPLETE.  0 WARNING(S),  0 ERROR(S)
