C51 COMPILER V9.54   NIXIE                                                                 09/30/2024 13:47:06 PAGE 1   


C51 COMPILER V9.54, COMPILATION OF MODULE NIXIE
OBJECT MODULE PLACED IN .\Objects\Nixie.obj
COMPILER INVOKED BY: D:\Keil5\C51\BIN\C51.EXE Nixie.c OPTIMIZE(8,SPEED) BROWSE DEBUG OBJECTEXTEND PRINT(.\Listings\Nixie
                    -.lst) TABS(2) OBJECT(.\Objects\Nixie.obj)

line level    source

   1          
   2          
   3          #include <REGX52.H>
   4          #include "Delay.h"
   5          
   6          
   7          unsigned char NixieTable[]={0x3F,0x06,0x5B,0x4F,0x66,0x6D,0x7D,0x07,0x7F,0x6F};
   8          
   9          /*
  10          void Nixie(unsigned char Location,Number)
  11          {
  12            switch(Location)    //位码输出
  13            {
  14              case 1:P2_4=1;P2_3=1;P2_2=1;break;
  15              case 2:P2_4=1;P2_3=1;P2_2=0;break;
  16              case 3:P2_4=1;P2_3=0;P2_2=1;break;
  17              case 4:P2_4=1;P2_3=0;P2_2=0;break;
  18              case 5:P2_4=0;P2_3=1;P2_2=1;break;
  19              case 6:P2_4=0;P2_3=1;P2_2=0;break;
  20              case 7:P2_4=0;P2_3=0;P2_2=1;break;
  21              case 8:P2_4=0;P2_3=0;P2_2=0;break;
  22            }
  23            P0=NixieTable[Number];  //段码输出
  24            Delay(1);       //显示一段时间
  25            P0=0x00;        //段码清0，消影
  26          }
  27          
  28          */
  29          
  30          void Nixie(unsigned char dat[])
  31          {
  32   1        unsigned char i=0;
  33   1        for(i=0;i<8;i++)
  34   1        {
  35   2            switch(i)
  36   2          {
  37   3          case 0: P2_4=1; P2_3=1; P2_2=1;break;
  38   3          case 1: P2_4=1; P2_3=1; P2_2=0;break;
  39   3          case 2: P2_4=1; P2_3=0; P2_2=1;break;
  40   3          case 3: P2_4=1; P2_3=0; P2_2=0;break;
  41   3          case 4: P2_4=0; P2_3=1; P2_2=1;break;
  42   3          case 5: P2_4=0; P2_3=1; P2_2=0;break;
  43   3          case 6: P2_4=0; P2_3=0; P2_2=1;break;
  44   3          case 7: P2_4=0; P2_3=0; P2_2=0;break; 
  45   3          }
  46   2            P0=dat[i];
  47   2          Delay(1);
  48   2          P0=0x00;
  49   2        }
  50   1      }


MODULE INFORMATION:   STATIC OVERLAYABLE
   CODE SIZE        =    132    ----
C51 COMPILER V9.54   NIXIE                                                                 09/30/2024 13:47:06 PAGE 2   

   CONSTANT SIZE    =   ----    ----
   XDATA SIZE       =   ----    ----
   PDATA SIZE       =   ----    ----
   DATA SIZE        =     10       4
   IDATA SIZE       =   ----    ----
   BIT SIZE         =   ----    ----
END OF MODULE INFORMATION.


C51 COMPILATION COMPLETE.  0 WARNING(S),  0 ERROR(S)
